INFO:root:===================
INFO:root:Processing /home/joon/Documents/2015/1. Animated Loop.mp4
INFO:root:===================
INFO:root:Processing /home/joon/Documents/2015/1. Animated Loop.mp4
INFO:root:    1 image files updated

INFO:root:===================
INFO:root:Processing /home/joon/Documents/2015/ADB Annual Meeting 2015 - A Preview.mp4
INFO:root:    0 image files updated
    1 files weren't updated due to errors

ERROR:root:Error: File not found - /home/joon/Documents/2015/ADB Annual Meeting 2015 - A Preview.mp4

INFO:root:===================
INFO:root:Processing /home/joon/Documents/2015/ADB Helping put Microfinance on the map in Papua New Guinea.mp4
INFO:root:    1 image files updated

INFO:root:===================
INFO:root:Processing /home/joon/Documents/2015/ADB Launches a New Plan to Address the Health Needs of Developing Asia.mp4
INFO:root:    1 image files updated

INFO:root:===================
INFO:root:Processing /home/joon/Documents/2015/ADB Suzhou WTE Final_Dec2014_CN.mp4
INFO:root:    1 image files updated

INFO:root:===================
INFO:root:Processing /home/joon/Documents/2015/ADB's Chief Economist on the Asian Development Outlook 2015 Update.mp4
INFO:root:    1 image files updated

INFO:root:===================
INFO:root:Processing /home/joon/Documents/2015/ADB's Trade Finance Program in Viet Nam.mp4
INFO:root:    1 image files updated

INFO:root:===================
INFO:root:Processing /home/joon/Documents/2015/Asian Development Outlook 2015 Launch.m4v
INFO:root:    1 image files updated

INFO:root:===================
INFO:root:Processing /home/joon/Documents/2015/Asian Development Outlook 2015.mov
INFO:root:    1 image files updated

INFO:root:===================
INFO:root:Processing /home/joon/Documents/2015/AZE-GE_FIN.mp4
INFO:root:    1 image files updated

INFO:root:===================

INFO:root:Processing /home/joon/Documents/2015/1. Animated Loop.mp4
INFO:root:    1 image files updated

INFO:root:===================

INFO:root:Processing /home/joon/Documents/2015/ADB Annual Meeting 2015 - A Preview.mp4
INFO:root:    0 image files updated
    1 files weren't updated due to errors

ERROR:root:Error: File not found - /home/joon/Documents/2015/ADB Annual Meeting 2015 - A Preview.mp4

INFO:root:===================

INFO:root:Processing /home/joon/Documents/2015/ADB Helping put Microfinance on the map in Papua New Guinea.mp4
INFO:root:    1 image files updated

INFO:root:===================

INFO:root:Processing /home/joon/Documents/2015/ADB Launches a New Plan to Address the Health Needs of Developing Asia.mp4
INFO:root:    1 image files updated

INFO:root:===================

INFO:root:Processing /home/joon/Documents/2015/ADB Suzhou WTE Final_Dec2014_CN.mp4
INFO:root:    1 image files updated

INFO:root:===================

INFO:root:Processing /home/joon/Documents/2015/ADB's Chief Economist on the Asian Development Outlook 2015 Update.mp4
INFO:root:    1 image files updated

INFO:root:===================

INFO:root:Processing /home/joon/Documents/2015/ADB's Trade Finance Program in Viet Nam.mp4
INFO:root:    1 image files updated

INFO:root:===================

INFO:root:Processing /home/joon/Documents/2015/Asian Development Outlook 2015 Launch.m4v
INFO:root:    1 image files updated

INFO:root:===================

INFO:root:Processing /home/joon/Documents/2015/Asian Development Outlook 2015.mov
INFO:root:    1 image files updated

INFO:root:===================

INFO:root:Processing /home/joon/Documents/2015/AZE-GE_FIN.mp4
INFO:root:    1 image files updated

INFO:root:===================

INFO:root:PROCESSING /home/joon/Documents/2015/1. Animated Loop.mp4
INFO:root:    1 image files updated

INFO:root:===================

INFO:root:PROCESSING /home/joon/Documents/2015/ADB Annual Meeting 2015 - A Preview.mp4
INFO:root:    0 image files updated
    1 files weren't updated due to errors

ERROR:root:Error: File not found - /home/joon/Documents/2015/ADB Annual Meeting 2015 - A Preview.mp4

INFO:root:===================

INFO:root:PROCESSING /home/joon/Documents/2015/ADB Helping put Microfinance on the map in Papua New Guinea.mp4
INFO:root:    1 image files updated

INFO:root:===================

INFO:root:PROCESSING /home/joon/Documents/2015/ADB Launches a New Plan to Address the Health Needs of Developing Asia.mp4
INFO:root:    1 image files updated

INFO:root:===================

INFO:root:PROCESSING /home/joon/Documents/2015/ADB Suzhou WTE Final_Dec2014_CN.mp4
INFO:root:    1 image files updated

INFO:root:===================

INFO:root:PROCESSING /home/joon/Documents/2015/ADB's Chief Economist on the Asian Development Outlook 2015 Update.mp4
INFO:root:    1 image files updated

INFO:root:===================

INFO:root:PROCESSING /home/joon/Documents/2015/ADB's Trade Finance Program in Viet Nam.mp4
INFO:root:    1 image files updated

INFO:root:===================

INFO:root:PROCESSING /home/joon/Documents/2015/Asian Development Outlook 2015 Launch.m4v
INFO:root:    1 image files updated

INFO:root:===================

INFO:root:PROCESSING /home/joon/Documents/2015/Asian Development Outlook 2015.mov
INFO:root:    1 image files updated

INFO:root:===================

INFO:root:PROCESSING /home/joon/Documents/2015/AZE-GE_FIN.mp4
INFO:root:    1 image files updated

INFO:root:===================

INFO:root:PROCESSING /home/joon/Documents/2015/1. Animated Loop.mp4
INFO:root:    1 image files updated

INFO:root:===================

INFO:root:PROCESSING /home/joon/Documents/2015/ADB Annual Meeting 2015 - A Preview.mp4
INFO:root:    0 image files updated
    1 files weren't updated due to errors

ERROR:root:Error: File not found - /home/joon/Documents/2015/ADB Annual Meeting 2015 - A Preview.mp4

INFO:root:===================

INFO:root:PROCESSING /home/joon/Documents/2015/ADB Helping put Microfinance on the map in Papua New Guinea.mp4
INFO:root:    1 image files updated

INFO:root:*** RUN COMPLETE ***
INFO:root:***** STARTING RUN *****
INFO:root:===================

INFO:root:PROCESSING /home/joon/Documents/2015/1. Animated Loop.mp4
INFO:root:    1 image files updated

INFO:root:===================

INFO:root:PROCESSING /home/joon/Documents/2015/ADB Annual Meeting 2015 - A Preview.mp4
INFO:root:    0 image files updated
    1 files weren't updated due to errors

ERROR:root:Error: File not found - /home/joon/Documents/2015/ADB Annual Meeting 2015 - A Preview.mp4

INFO:root:===================

INFO:root:PROCESSING /home/joon/Documents/2015/ADB Helping put Microfinance on the map in Papua New Guinea.mp4
INFO:root:    1 image files updated

INFO:root:***** RUN COMPLETE *****
INFO:root:
***** STARTING RUN *****

INFO:root:===================

INFO:root:PROCESSING /home/joon/Documents/2015/1. Animated Loop.mp4
INFO:root:    1 image files updated

INFO:root:===================

INFO:root:PROCESSING /home/joon/Documents/2015/ADB Annual Meeting 2015 - A Preview.mp4
INFO:root:    0 image files updated
    1 files weren't updated due to errors

ERROR:root:Error: File not found - /home/joon/Documents/2015/ADB Annual Meeting 2015 - A Preview.mp4

INFO:root:===================

INFO:root:PROCESSING /home/joon/Documents/2015/ADB Helping put Microfinance on the map in Papua New Guinea.mp4
INFO:root:    1 image files updated

INFO:root:
***** RUN COMPLETE *****

INFO:root:
***** STARTING RUN *****

INFO:root:===================

INFO:root:PROCESSING /home/joon/Documents/2015/1. Animated Loop.mp4
INFO:root:    1 image files updated

INFO:root:===================

INFO:root:PROCESSING /home/joon/Documents/2015/ADB Annual Meeting 2015 - A Preview.mp4
INFO:root:    0 image files updated
    1 files weren't updated due to errors

ERROR:root:Error: File not found - /home/joon/Documents/2015/ADB Annual Meeting 2015 - A Preview.mp4

INFO:root:===================

INFO:root:PROCESSING /home/joon/Documents/2015/ADB Helping put Microfinance on the map in Papua New Guinea.mp4
INFO:root:    1 image files updated

INFO:root:
***** RUN COMPLETE *****

INFO:root:

INFO:root:***** STARTING RUN *****
INFO:root:

INFO:root:===================

INFO:root:PROCESSING /home/joon/Documents/2015/1. Animated Loop.mp4
INFO:root:    1 image files updated

INFO:root:===================

INFO:root:PROCESSING /home/joon/Documents/2015/ADB Annual Meeting 2015 - A Preview.mp4
INFO:root:    0 image files updated
    1 files weren't updated due to errors

ERROR:root:Error: File not found - /home/joon/Documents/2015/ADB Annual Meeting 2015 - A Preview.mp4

INFO:root:===================

INFO:root:PROCESSING /home/joon/Documents/2015/ADB Helping put Microfinance on the map in Papua New Guinea.mp4
INFO:root:    1 image files updated

INFO:root:

INFO:root:***** RUN COMPLETE *****
INFO:root:

